2016-08-16 22:22:53 =CRASH REPORT====
  crasher:
    initial call: eredis_client:init/1
    pid: <0.11053.1>
    registered_name: []
    exception exit: {{connection_error,{connection_error,eaddrnotavail}},[{gen_server,init_it,6,[{file,"gen_server.erl"},{line,320}]},{proc_lib,init_p_do_apply,3,[{file,"proc_lib.erl"},{line,239}]}]}
    ancestors: [<0.97.0>]
    messages: []
    links: [<0.97.0>]
    dictionary: []
    trap_exit: false
    status: running
    heap_size: 376
    stack_size: 27
    reductions: 531
  neighbours:
2016-08-16 22:22:58 =CRASH REPORT====
  crasher:
    initial call: eredis_client:init/1
    pid: <0.29713.1>
    registered_name: []
    exception exit: {{connection_error,{connection_error,eaddrnotavail}},[{gen_server,init_it,6,[{file,"gen_server.erl"},{line,320}]},{proc_lib,init_p_do_apply,3,[{file,"proc_lib.erl"},{line,239}]}]}
    ancestors: [<0.99.0>]
    messages: []
    links: [<0.99.0>]
    dictionary: []
    trap_exit: false
    status: running
    heap_size: 376
    stack_size: 27
    reductions: 531
  neighbours:
2016-08-16 22:22:58 =CRASH REPORT====
  crasher:
    initial call: eredis_client:init/1
    pid: <0.30926.1>
    registered_name: []
    exception exit: {{connection_error,{connection_error,eaddrnotavail}},[{gen_server,init_it,6,[{file,"gen_server.erl"},{line,320}]},{proc_lib,init_p_do_apply,3,[{file,"proc_lib.erl"},{line,239}]}]}
    ancestors: [<0.101.0>]
    messages: []
    links: [<0.101.0>]
    dictionary: []
    trap_exit: false
    status: running
    heap_size: 376
    stack_size: 27
    reductions: 531
  neighbours:
2016-08-16 22:22:59 =CRASH REPORT====
  crasher:
    initial call: eredis_client:init/1
    pid: <0.31701.1>
    registered_name: []
    exception exit: {{connection_error,{connection_error,eaddrnotavail}},[{gen_server,init_it,6,[{file,"gen_server.erl"},{line,320}]},{proc_lib,init_p_do_apply,3,[{file,"proc_lib.erl"},{line,239}]}]}
    ancestors: [<0.97.0>]
    messages: []
    links: [<0.97.0>]
    dictionary: []
    trap_exit: false
    status: running
    heap_size: 376
    stack_size: 27
    reductions: 531
  neighbours:
2016-08-16 22:23:02 =CRASH REPORT====
  crasher:
    initial call: eredis_client:init/1
    pid: <0.10918.2>
    registered_name: []
    exception exit: {{connection_error,{connection_error,eaddrnotavail}},[{gen_server,init_it,6,[{file,"gen_server.erl"},{line,320}]},{proc_lib,init_p_do_apply,3,[{file,"proc_lib.erl"},{line,239}]}]}
    ancestors: [<0.101.0>]
    messages: []
    links: [<0.101.0>]
    dictionary: []
    trap_exit: false
    status: running
    heap_size: 376
    stack_size: 27
    reductions: 531
  neighbours:
2016-08-16 22:23:02 =CRASH REPORT====
  crasher:
    initial call: eredis_client:init/1
    pid: <0.12065.2>
    registered_name: []
    exception exit: {{connection_error,{connection_error,eaddrnotavail}},[{gen_server,init_it,6,[{file,"gen_server.erl"},{line,320}]},{proc_lib,init_p_do_apply,3,[{file,"proc_lib.erl"},{line,239}]}]}
    ancestors: [<0.97.0>]
    messages: []
    links: [<0.97.0>]
    dictionary: []
    trap_exit: false
    status: running
    heap_size: 376
    stack_size: 27
    reductions: 531
  neighbours:
2016-08-16 22:23:02 =CRASH REPORT====
  crasher:
    initial call: eredis_client:init/1
    pid: <0.12117.2>
    registered_name: []
    exception exit: {{connection_error,{connection_error,eaddrnotavail}},[{gen_server,init_it,6,[{file,"gen_server.erl"},{line,320}]},{proc_lib,init_p_do_apply,3,[{file,"proc_lib.erl"},{line,239}]}]}
    ancestors: [<0.101.0>]
    messages: []
    links: [<0.101.0>]
    dictionary: []
    trap_exit: false
    status: running
    heap_size: 376
    stack_size: 27
    reductions: 531
  neighbours:
2016-08-16 22:23:05 =CRASH REPORT====
  crasher:
    initial call: eredis_client:init/1
    pid: <0.24446.2>
    registered_name: []
    exception exit: {{connection_error,{connection_error,eaddrnotavail}},[{gen_server,init_it,6,[{file,"gen_server.erl"},{line,320}]},{proc_lib,init_p_do_apply,3,[{file,"proc_lib.erl"},{line,239}]}]}
    ancestors: [<0.97.0>]
    messages: []
    links: [<0.97.0>]
    dictionary: []
    trap_exit: false
    status: running
    heap_size: 376
    stack_size: 27
    reductions: 531
  neighbours:
2016-08-16 22:23:07 =CRASH REPORT====
  crasher:
    initial call: eredis_client:init/1
    pid: <0.29769.2>
    registered_name: []
    exception exit: {{connection_error,{connection_error,eaddrnotavail}},[{gen_server,init_it,6,[{file,"gen_server.erl"},{line,320}]},{proc_lib,init_p_do_apply,3,[{file,"proc_lib.erl"},{line,239}]}]}
    ancestors: [<0.101.0>]
    messages: []
    links: [<0.101.0>]
    dictionary: []
    trap_exit: false
    status: running
    heap_size: 376
    stack_size: 27
    reductions: 531
  neighbours:
2016-08-16 22:23:09 =CRASH REPORT====
  crasher:
    initial call: eredis_client:init/1
    pid: <0.4675.3>
    registered_name: []
    exception exit: {{connection_error,{connection_error,eaddrnotavail}},[{gen_server,init_it,6,[{file,"gen_server.erl"},{line,320}]},{proc_lib,init_p_do_apply,3,[{file,"proc_lib.erl"},{line,239}]}]}
    ancestors: [<0.97.0>]
    messages: []
    links: [<0.97.0>]
    dictionary: []
    trap_exit: false
    status: running
    heap_size: 376
    stack_size: 27
    reductions: 531
  neighbours:
2016-08-16 22:23:13 =CRASH REPORT====
  crasher:
    initial call: eredis_client:init/1
    pid: <0.19470.3>
    registered_name: []
    exception exit: {{connection_error,{connection_error,eaddrnotavail}},[{gen_server,init_it,6,[{file,"gen_server.erl"},{line,320}]},{proc_lib,init_p_do_apply,3,[{file,"proc_lib.erl"},{line,239}]}]}
    ancestors: [<0.97.0>]
    messages: []
    links: [<0.97.0>]
    dictionary: []
    trap_exit: false
    status: running
    heap_size: 376
    stack_size: 27
    reductions: 531
  neighbours:
2016-08-16 22:23:18 =CRASH REPORT====
  crasher:
    initial call: eredis_client:init/1
    pid: <0.3880.4>
    registered_name: []
    exception exit: {{connection_error,{connection_error,eaddrnotavail}},[{gen_server,init_it,6,[{file,"gen_server.erl"},{line,320}]},{proc_lib,init_p_do_apply,3,[{file,"proc_lib.erl"},{line,239}]}]}
    ancestors: [<0.97.0>]
    messages: []
    links: [<0.97.0>]
    dictionary: []
    trap_exit: false
    status: running
    heap_size: 376
    stack_size: 27
    reductions: 531
  neighbours:
2016-08-16 22:23:21 =CRASH REPORT====
  crasher:
    initial call: eredis_client:init/1
    pid: <0.14002.4>
    registered_name: []
    exception exit: {{connection_error,{connection_error,eaddrnotavail}},[{gen_server,init_it,6,[{file,"gen_server.erl"},{line,320}]},{proc_lib,init_p_do_apply,3,[{file,"proc_lib.erl"},{line,239}]}]}
    ancestors: [<0.97.0>]
    messages: []
    links: [<0.97.0>]
    dictionary: []
    trap_exit: false
    status: running
    heap_size: 376
    stack_size: 27
    reductions: 531
  neighbours:
2016-08-16 22:23:30 =CRASH REPORT====
  crasher:
    initial call: eredis_client:init/1
    pid: <0.12724.5>
    registered_name: []
    exception exit: {{connection_error,{connection_error,eaddrnotavail}},[{gen_server,init_it,6,[{file,"gen_server.erl"},{line,320}]},{proc_lib,init_p_do_apply,3,[{file,"proc_lib.erl"},{line,239}]}]}
    ancestors: [<0.99.0>]
    messages: []
    links: [<0.99.0>]
    dictionary: []
    trap_exit: false
    status: running
    heap_size: 376
    stack_size: 27
    reductions: 531
  neighbours:
2016-08-16 22:23:33 =CRASH REPORT====
  crasher:
    initial call: eredis_client:init/1
    pid: <0.22211.5>
    registered_name: []
    exception exit: {{connection_error,{connection_error,eaddrnotavail}},[{gen_server,init_it,6,[{file,"gen_server.erl"},{line,320}]},{proc_lib,init_p_do_apply,3,[{file,"proc_lib.erl"},{line,239}]}]}
    ancestors: [<0.99.0>]
    messages: []
    links: [<0.99.0>]
    dictionary: []
    trap_exit: false
    status: running
    heap_size: 376
    stack_size: 27
    reductions: 531
  neighbours:
2016-08-16 22:23:36 =CRASH REPORT====
  crasher:
    initial call: eredis_client:init/1
    pid: <0.303.6>
    registered_name: []
    exception exit: {{connection_error,{connection_error,eaddrnotavail}},[{gen_server,init_it,6,[{file,"gen_server.erl"},{line,320}]},{proc_lib,init_p_do_apply,3,[{file,"proc_lib.erl"},{line,239}]}]}
    ancestors: [<0.97.0>]
    messages: []
    links: [<0.97.0>]
    dictionary: []
    trap_exit: false
    status: running
    heap_size: 376
    stack_size: 27
    reductions: 531
  neighbours:
